0 info it worked if it ends with ok
1 verbose cli [ '/usr/bin/node', '/usr/bin/npm', 'run', 'test', '--no-cache' ]
2 info using npm@5.6.0
3 info using node@v9.11.1
4 verbose run-script [ 'pretest', 'test', 'posttest' ]
5 info lifecycle todos@0.1.0~pretest: todos@0.1.0
6 info lifecycle todos@0.1.0~test: todos@0.1.0
7 verbose lifecycle todos@0.1.0~test: unsafe-perm in lifecycle true
8 verbose lifecycle todos@0.1.0~test: PATH: /usr/lib/node_modules/npm/node_modules/npm-lifecycle/node-gyp-bin:/home/max/RubymineProjects/todolist/todos/node_modules/.bin:/home/max/.rvm/gems/ruby-2.4.2/bin:/home/max/.rvm/gems/ruby-2.4.2@global/bin:/home/max/.rvm/rubies/ruby-2.4.2/bin:/home/max/bin:/home/max/.local/bin:/home/max/bin:/home/max/.local/bin:/usr/local/sbin:/usr/local/bin:/usr/sbin:/usr/bin:/sbin:/bin:/usr/games:/usr/local/games:/snap/bin:/home/max/.rvm/bin:/home/max/.rvm/bin:/home/max/.rvm/bin:/home/max/.rvm/bin
9 verbose lifecycle todos@0.1.0~test: CWD: /home/max/RubymineProjects/todolist/todos
10 silly lifecycle todos@0.1.0~test: Args: [ '-c', 'jest --config jest.config.json -u' ]
11 silly lifecycle todos@0.1.0~test: Returned: code: 1  signal: null
12 info lifecycle todos@0.1.0~test: Failed to exec test script
13 verbose stack Error: todos@0.1.0 test: `jest --config jest.config.json -u`
13 verbose stack Exit status 1
13 verbose stack     at EventEmitter.<anonymous> (/usr/lib/node_modules/npm/node_modules/npm-lifecycle/index.js:285:16)
13 verbose stack     at EventEmitter.emit (events.js:180:13)
13 verbose stack     at ChildProcess.<anonymous> (/usr/lib/node_modules/npm/node_modules/npm-lifecycle/lib/spawn.js:55:14)
13 verbose stack     at ChildProcess.emit (events.js:180:13)
13 verbose stack     at maybeClose (internal/child_process.js:936:16)
13 verbose stack     at Process.ChildProcess._handle.onexit (internal/child_process.js:220:5)
14 verbose pkgid todos@0.1.0
15 verbose cwd /home/max/RubymineProjects/todolist/todos
16 verbose Linux 4.13.0-41-generic
17 verbose argv "/usr/bin/node" "/usr/bin/npm" "run" "test" "--no-cache"
18 verbose node v9.11.1
19 verbose npm  v5.6.0
20 error code ELIFECYCLE
21 error errno 1
22 error todos@0.1.0 test: `jest --config jest.config.json -u`
22 error Exit status 1
23 error Failed at the todos@0.1.0 test script.
23 error This is probably not a problem with npm. There is likely additional logging output above.
24 verbose exit [ 1, true ]
